适用于 .NET Framework MSBuild 版本 17.7.2+d6990bcfa

  tkcore.vcxproj -> S:\Workspace\tkcore\build\lib\Debug\tkcore.lib
  demo.vcxproj -> S:\Workspace\tkcore\build\demo\demo.exe
  tkcore_test_string.cpp
S:\Workspace\tkcore\build\vcpkg_installed\x64-windows\include\boost/test/tools/detail/print_helper.hpp(53,13): error C2338: static_assert failed: 'Type has to implement operator<< to be printable' [S:\Workspace\tkcore\build\test\unit_test.vcxproj]
S:\Workspace\tkcore\build\vcpkg_installed\x64-windows\include\boost/test/tools/detail/print_helper.hpp(62,24): message : 查看对正在编译的函数 模板 实例化“std::ostream &boost::test_tools::tt_detail::impl::boost_test_print_type<R>(std::ostream &,const T &)”的引用 [S:\Workspace\tkcore\build\test\unit_test.vcxproj]
          with
          [
              R=std::vector<std::string,std::allocator<std::string>>,
              T=std::vector<std::string,std::allocator<std::string>>
          ]
S:\Workspace\tkcore\build\vcpkg_installed\x64-windows\include\boost/test/tools/detail/print_helper.hpp(91,9): message : 查看对正在编译的函数 模板 实例化“std::ostream &boost::test_tools::tt_detail::impl::boost_test_print_type_impl::operator ()<T>(std::ostream &,const R &) const”的引用 [S:\Workspace\tkcore\build\test\unit_test.vcxproj]
          with
          [
              T=std::vector<std::string,std::allocator<std::string>>,
              R=std::vector<std::string,std::allocator<std::string>>
          ]
S:\Workspace\tkcore\build\vcpkg_installed\x64-windows\include\boost/test/tools/detail/print_helper.hpp(83,13): message : 在编译 类 模板 成员函数“void boost::test_tools::tt_detail::print_log_value<T>::operator ()(std::ostream &,const T &)”时 [S:\Workspace\tkcore\build\test\unit_test.vcxproj]
          with
          [
              T=std::vector<std::string,std::allocator<std::string>>
          ]
S:\Workspace\tkcore\build\vcpkg_installed\x64-windows\include\boost/test/tools/detail/print_helper.hpp(227,25): message : 请参阅 "boost::test_tools::tt_detail::operator <<" 中对 "boost::test_tools::tt_detail::print_log_value<T>::operator ()" 的第一个引用 [S:\Workspace\tkcore\build\test\unit_test.vcxproj]
          with
          [
              T=std::vector<std::string,std::allocator<std::string>>
          ]
S:\Workspace\tkcore\build\vcpkg_installed\x64-windows\include\boost/test/tools/detail/print_helper.hpp(227,23): message : 查看对正在编译的 类 模板 实例化“boost::test_tools::tt_detail::print_log_value<T>”的引用 [S:\Workspace\tkcore\build\test\unit_test.vcxproj]
          with
          [
              T=std::vector<std::string,std::allocator<std::string>>
          ]
S:\Workspace\tkcore\build\vcpkg_installed\x64-windows\include\boost/test/tools/detail/print_helper.hpp(55,18): message : 查看对正在编译的函数 模板 实例化“std::ostream &boost::test_tools::tt_detail::operator <<<Arg0>(std::ostream &,const boost::test_tools::tt_detail::print_helper_t<Arg0> &)”的引用 [S:\Workspace\tkcore\build\test\unit_test.vcxproj]
          with
          [
              Arg0=std::vector<std::string,std::allocator<std::string>>
          ]
S:\Workspace\tkcore\build\vcpkg_installed\x64-windows\include\boost/test/tools/detail/print_helper.hpp(62,24): message : 查看对正在编译的函数 模板 实例化“std::ostream &boost::test_tools::tt_detail::impl::boost_test_print_type<R>(std::ostream &,const T &)”的引用 [S:\Workspace\tkcore\build\test\unit_test.vcxproj]
          with
          [
              R=boost::test_tools::tt_detail::print_helper_t<std::vector<std::string,std::allocator<std::string>>>,
              T=boost::test_tools::tt_detail::print_helper_t<std::vector<std::string,std::allocator<std::string>>>
          ]
S:\Workspace\tkcore\build\vcpkg_installed\x64-windows\include\boost/test/tools/detail/print_helper.hpp(91,9): message : 查看对正在编译的函数 模板 实例化“std::ostream &boost::test_tools::tt_detail::impl::boost_test_print_type_impl::operator ()<T>(std::ostream &,const R &) const”的引用 [S:\Workspace\tkcore\build\test\unit_test.vcxproj]
          with
          [
              T=boost::test_tools::tt_detail::print_helper_t<std::vector<std::string,std::allocator<std::string>>>,
              R=boost::test_tools::tt_detail::print_helper_t<std::vector<std::string,std::allocator<std::string>>>
          ]
S:\Workspace\tkcore\build\vcpkg_installed\x64-windows\include\boost/test/tools/detail/print_helper.hpp(83,13): message : 在编译 类 模板 成员函数“void boost::test_tools::tt_detail::print_log_value<T>::operator ()(std::ostream &,const T &)”时 [S:\Workspace\tkcore\build\test\unit_test.vcxproj]
          with
          [
              T=boost::test_tools::tt_detail::print_helper_t<std::vector<std::string,std::allocator<std::string>>>
          ]
S:\Workspace\tkcore\build\vcpkg_installed\x64-windows\include\boost/test/tools/detail/print_helper.hpp(227,25): message : 请参阅 "boost::test_tools::tt_detail::operator <<" 中对 "boost::test_tools::tt_detail::print_log_value<T>::operator ()" 的第一个引用 [S:\Workspace\tkcore\build\test\unit_test.vcxproj]
          with
          [
              T=boost::test_tools::tt_detail::print_helper_t<std::vector<std::string,std::allocator<std::string>>>
          ]
S:\Workspace\tkcore\build\vcpkg_installed\x64-windows\include\boost/test/tools/detail/print_helper.hpp(227,23): message : 查看对正在编译的 类 模板 实例化“boost::test_tools::tt_detail::print_log_value<T>”的引用 [S:\Workspace\tkcore\build\test\unit_test.vcxproj]
          with
          [
              T=boost::test_tools::tt_detail::print_helper_t<std::vector<std::string,std::allocator<std::string>>>
          ]
S:\Workspace\tkcore\build\vcpkg_installed\x64-windows\include\boost/test/utils/lazy_ostream.hpp(82,29): message : 查看对正在编译的函数 模板 实例化“std::ostream &boost::test_tools::tt_detail::operator <<<T>(std::ostream &,const boost::test_tools::tt_detail::print_helper_t<T> &)”的引用 [S:\Workspace\tkcore\build\test\unit_test.vcxproj]
          with
          [
              T=boost::test_tools::tt_detail::print_helper_t<std::vector<std::string,std::allocator<std::string>>>
          ]
S:\Workspace\tkcore\build\vcpkg_installed\x64-windows\include\boost/test/utils/lazy_ostream.hpp(80,21): message : 在编译 类 模板 成员函数“std::ostream &boost::unit_test::lazy_ostream_impl<boost::unit_test::lazy_ostream,boost::test_tools::tt_detail::print_helper_t<Arg0>,const T &>::operator ()(std::ostream &) const”时 [S:\Workspace\tkcore\build\test\unit_test.vcxproj]
          with
          [
              Arg0=std::vector<std::string,std::allocator<std::string>>,
              T=boost::test_tools::tt_detail::print_helper_t<std::vector<std::string,std::allocator<std::string>>>
          ]
S:\Workspace\tkcore\build\vcpkg_installed\x64-windows\include\boost/test/tools/old/impl.hpp(92,1): message : 查看对正在编译的 类 模板 实例化“boost::unit_test::lazy_ostream_impl<boost::unit_test::lazy_ostream,boost::test_tools::tt_detail::print_helper_t<Arg0>,const T &>”的引用 [S:\Workspace\tkcore\build\test\unit_test.vcxproj]
          with
          [
              Arg0=std::vector<std::string,std::allocator<std::string>>,
              T=boost::test_tools::tt_detail::print_helper_t<std::vector<std::string,std::allocator<std::string>>>
          ]
S:\Workspace\tkcore\test\tkcore_test_string.cpp(12,3): message : 查看对正在编译的函数 模板 实例化“bool boost::test_tools::tt_detail::check_frwd<boost::test_tools::tt_detail::equal_impl_frwd,std::vector<std::string,std::allocator<std::string>>,std::vector<std::string,std::allocator<std::string>>>(Pred,const boost::unit_test::lazy_ostream &,boost::unit_test::const_string,size_t,boost::test_tools::tt_detail::tool_level,boost::test_tools::tt_detail::check_type,const Arg0 &,const char *,const Arg1 &,const char *)”的引用 [S:\Workspace\tkcore\build\test\unit_test.vcxproj]
          with
          [
              Pred=boost::test_tools::tt_detail::equal_impl_frwd,
              Arg0=std::vector<std::string,std::allocator<std::string>>,
              Arg1=std::vector<std::string,std::allocator<std::string>>
          ]
S:\Workspace\tkcore\build\vcpkg_installed\x64-windows\include\boost/test/tools/detail/print_helper.hpp(55,13): error C2678: 二进制“<<”: 没有找到接受“std::ostream”类型的左操作数的运算符(或没有可接受的转换) [S:\Workspace\tkcore\build\test\unit_test.vcxproj]
S:\MicrosoftVisualStudio\Community\VC\Tools\MSVC\14.37.32822\include\ostream(481,39): message : 可能是“std::basic_ostream<char,std::char_traits<char>> &std::basic_ostream<char,std::char_traits<char>>::operator <<(std::basic_streambuf<char,std::char_traits<char>> *)” [S:\Workspace\tkcore\build\test\unit_test.vcxproj]
S:\MicrosoftVisualStudio\Community\VC\Tools\MSVC\14.37.32822\include\ostream(449,39): message : 或    “std::basic_ostream<char,std::char_traits<char>> &std::basic_ostream<char,std::char_traits<char>>::operator <<(const void *)” [S:\Workspace\tkcore\build\test\unit_test.vcxproj]
S:\MicrosoftVisualStudio\Community\VC\Tools\MSVC\14.37.32822\include\ostream(431,39): message : 或    “std::basic_ostream<char,std::char_traits<char>> &std::basic_ostream<char,std::char_traits<char>>::operator <<(long double)” [S:\Workspace\tkcore\build\test\unit_test.vcxproj]
S:\MicrosoftVisualStudio\Community\VC\Tools\MSVC\14.37.32822\include\ostream(413,39): message : 或    “std::basic_ostream<char,std::char_traits<char>> &std::basic_ostream<char,std::char_traits<char>>::operator <<(double)” [S:\Workspace\tkcore\build\test\unit_test.vcxproj]
S:\MicrosoftVisualStudio\Community\VC\Tools\MSVC\14.37.32822\include\ostream(395,39): message : 或    “std::basic_ostream<char,std::char_traits<char>> &std::basic_ostream<char,std::char_traits<char>>::operator <<(float)” [S:\Workspace\tkcore\build\test\unit_test.vcxproj]
S:\MicrosoftVisualStudio\Community\VC\Tools\MSVC\14.37.32822\include\ostream(377,39): message : 或    “std::basic_ostream<char,std::char_traits<char>> &std::basic_ostream<char,std::char_traits<char>>::operator <<(unsigned __int64)” [S:\Workspace\tkcore\build\test\unit_test.vcxproj]
S:\MicrosoftVisualStudio\Community\VC\Tools\MSVC\14.37.32822\include\ostream(359,39): message : 或    “std::basic_ostream<char,std::char_traits<char>> &std::basic_ostream<char,std::char_traits<char>>::operator <<(__int64)” [S:\Workspace\tkcore\build\test\unit_test.vcxproj]
S:\MicrosoftVisualStudio\Community\VC\Tools\MSVC\14.37.32822\include\ostream(341,39): message : 或    “std::basic_ostream<char,std::char_traits<char>> &std::basic_ostream<char,std::char_traits<char>>::operator <<(unsigned long)” [S:\Workspace\tkcore\build\test\unit_test.vcxproj]
S:\MicrosoftVisualStudio\Community\VC\Tools\MSVC\14.37.32822\include\ostream(323,39): message : 或    “std::basic_ostream<char,std::char_traits<char>> &std::basic_ostream<char,std::char_traits<char>>::operator <<(long)” [S:\Workspace\tkcore\build\test\unit_test.vcxproj]
S:\MicrosoftVisualStudio\Community\VC\Tools\MSVC\14.37.32822\include\ostream(304,39): message : 或    “std::basic_ostream<char,std::char_traits<char>> &std::basic_ostream<char,std::char_traits<char>>::operator <<(unsigned int)” [S:\Workspace\tkcore\build\test\unit_test.vcxproj]
S:\MicrosoftVisualStudio\Community\VC\Tools\MSVC\14.37.32822\include\ostream(278,39): message : 或    “std::basic_ostream<char,std::char_traits<char>> &std::basic_ostream<char,std::char_traits<char>>::operator <<(int)” [S:\Workspace\tkcore\build\test\unit_test.vcxproj]
S:\MicrosoftVisualStudio\Community\VC\Tools\MSVC\14.37.32822\include\ostream(259,39): message : 或    “std::basic_ostream<char,std::char_traits<char>> &std::basic_ostream<char,std::char_traits<char>>::operator <<(unsigned short)” [S:\Workspace\tkcore\build\test\unit_test.vcxproj]
S:\MicrosoftVisualStudio\Community\VC\Tools\MSVC\14.37.32822\include\ostream(225,39): message : 或    “std::basic_ostream<char,std::char_traits<char>> &std::basic_ostream<char,std::char_traits<char>>::operator <<(short)” [S:\Workspace\tkcore\build\test\unit_test.vcxproj]
S:\MicrosoftVisualStudio\Community\VC\Tools\MSVC\14.37.32822\include\ostream(207,39): message : 或    “std::basic_ostream<char,std::char_traits<char>> &std::basic_ostream<char,std::char_traits<char>>::operator <<(bool)” [S:\Workspace\tkcore\build\test\unit_test.vcxproj]
S:\MicrosoftVisualStudio\Community\VC\Tools\MSVC\14.37.32822\include\ostream(201,39): message : 或    “std::basic_ostream<char,std::char_traits<char>> &std::basic_ostream<char,std::char_traits<char>>::operator <<(std::ios_base &(__cdecl *)(std::ios_base &))” [S:\Workspace\tkcore\build\test\unit_test.vcxproj]
S:\MicrosoftVisualStudio\Community\VC\Tools\MSVC\14.37.32822\include\ostream(195,39): message : 或    “std::basic_ostream<char,std::char_traits<char>> &std::basic_ostream<char,std::char_traits<char>>::operator <<(std::basic_ios<char,std::char_traits<char>> &(__cdecl *)(std::basic_ios<char,std::char_traits<char>> &))” [S:\Workspace\tkcore\build\test\unit_test.vcxproj]
S:\MicrosoftVisualStudio\Community\VC\Tools\MSVC\14.37.32822\include\ostream(190,39): message : 或    “std::basic_ostream<char,std::char_traits<char>> &std::basic_ostream<char,std::char_traits<char>>::operator <<(std::basic_ostream<char,std::char_traits<char>> &(__cdecl *)(std::basic_ostream<char,std::char_traits<char>> &))” [S:\Workspace\tkcore\build\test\unit_test.vcxproj]
S:\Workspace\tkcore\build\vcpkg_installed\x64-windows\include\boost/test/tools/detail/lexicographic_manip.hpp(64,1): message : 或    “boost::test_tools::tt_detail::assertion_type boost::test_tools::tt_detail::operator <<(const boost::test_tools::tt_detail::assertion_type &,boost::test_tools::lexicographic)” [S:\Workspace\tkcore\build\test\unit_test.vcxproj]
S:\Workspace\tkcore\build\vcpkg_installed\x64-windows\include\boost/test/tools/detail/per_element_manip.hpp(64,1): message : 或    “boost::test_tools::tt_detail::assertion_type boost::test_tools::tt_detail::operator <<(const boost::test_tools::tt_detail::assertion_type &,boost::test_tools::per_element)” [S:\Workspace\tkcore\build\test\unit_test.vcxproj]
S:\Workspace\tkcore\build\vcpkg_installed\x64-windows\include\boost/test/tools/detail/bitwise_manip.hpp(116,1): message : 或    “boost::test_tools::tt_detail::assertion_type boost::test_tools::tt_detail::operator <<(const boost::test_tools::tt_detail::assertion_type &,boost::test_tools::bitwise)” [S:\Workspace\tkcore\build\test\unit_test.vcxproj]
S:\MicrosoftVisualStudio\Community\VC\Tools\MSVC\14.37.32822\include\ostream(476,20): message : 或    “std::basic_ostream<char,std::char_traits<char>> &std::basic_ostream<char,std::char_traits<char>>::operator <<(std::nullptr_t)” [S:\Workspace\tkcore\build\test\unit_test.vcxproj]
S:\Workspace\tkcore\build\vcpkg_installed\x64-windows\include\boost/test/tools/detail/print_helper.hpp(55,21): message : “初始化”: 无法从“const T”转换为“std::nullptr_t” [S:\Workspace\tkcore\build\test\unit_test.vcxproj]
          with
          [
              T=std::vector<std::string,std::allocator<std::string>>
          ]
S:\Workspace\tkcore\build\vcpkg_installed\x64-windows\include\boost/test/tools/detail/print_helper.hpp(55,21): message : 没有可用于执行该转换的用户定义的转换运算符，或者无法调用该运算符 [S:\Workspace\tkcore\build\test\unit_test.vcxproj]
S:\Workspace\tkcore\build\vcpkg_installed\x64-windows\include\boost/test/tools/detail/lexicographic_manip.hpp(55,1): message : 或    “boost::test_tools::assertion_result boost::test_tools::tt_detail::operator <<(const boost::test_tools::tt_detail::assertion_evaluate_t<boost::test_tools::assertion::binary_expr<LExpr,Rhs,OP>> &,boost::test_tools::lexicographic)” [S:\Workspace\tkcore\build\test\unit_test.vcxproj]
S:\Workspace\tkcore\build\vcpkg_installed\x64-windows\include\boost/test/tools/detail/print_helper.hpp(55,13): message : “boost::test_tools::assertion_result boost::test_tools::tt_detail::operator <<(const boost::test_tools::tt_detail::assertion_evaluate_t<boost::test_tools::assertion::binary_expr<LExpr,Rhs,OP>> &,boost::test_tools::lexicographic)”: 无法从“std::ostream”推导出“const boost::test_tools::tt_detail::assertion_evaluate_t<boost::test_tools::assertion::binary_expr<LExpr,Rhs,OP>> &”的 模板 参数 [S:\Workspace\tkcore\build\test\unit_test.vcxproj]
S:\Workspace\tkcore\build\vcpkg_installed\x64-windows\include\boost/test/tools/detail/per_element_manip.hpp(55,1): message : 或    “boost::test_tools::assertion_result boost::test_tools::tt_detail::operator <<(const boost::test_tools::tt_detail::assertion_evaluate_t<boost::test_tools::assertion::binary_expr<LExpr,Rhs,OP>> &,boost::test_tools::per_element)” [S:\Workspace\tkcore\build\test\unit_test.vcxproj]
S:\Workspace\tkcore\build\vcpkg_installed\x64-windows\include\boost/test/tools/detail/print_helper.hpp(55,13): message : “boost::test_tools::assertion_result boost::test_tools::tt_detail::operator <<(const boost::test_tools::tt_detail::assertion_evaluate_t<boost::test_tools::assertion::binary_expr<LExpr,Rhs,OP>> &,boost::test_tools::per_element)”: 无法从“std::ostream”推导出“const boost::test_tools::tt_detail::assertion_evaluate_t<boost::test_tools::assertion::binary_expr<LExpr,Rhs,OP>> &”的 模板 参数 [S:\Workspace\tkcore\build\test\unit_test.vcxproj]
S:\Workspace\tkcore\build\vcpkg_installed\x64-windows\include\boost/test/tools/detail/tolerance_manip.hpp(101,1): message : 或    “boost::test_tools::tt_detail::assertion_type boost::test_tools::tt_detail::operator <<(const boost::test_tools::tt_detail::assertion_type &,const boost::test_tools::tt_detail::tolerance_manip<FPT> &)” [S:\Workspace\tkcore\build\test\unit_test.vcxproj]
S:\Workspace\tkcore\build\vcpkg_installed\x64-windows\include\boost/test/tools/detail/print_helper.hpp(55,13): message : “boost::test_tools::tt_detail::assertion_type boost::test_tools::tt_detail::operator <<(const boost::test_tools::tt_detail::assertion_type &,const boost::test_tools::tt_detail::tolerance_manip<FPT> &)”: 无法从“const T”推导出“const boost::test_tools::tt_detail::tolerance_manip<FPT> &”的 模板 参数 [S:\Workspace\tkcore\build\test\unit_test.vcxproj]
          with
          [
              T=std::vector<std::string,std::allocator<std::string>>
          ]
S:\Workspace\tkcore\build\vcpkg_installed\x64-windows\include\boost/test/tools/detail/tolerance_manip.hpp(94,1): message : 或    “std::ostream &boost::test_tools::tt_detail::operator <<(std::ostream &,const boost::test_tools::tt_detail::tolerance_manip<FPT> &)” [S:\Workspace\tkcore\build\test\unit_test.vcxproj]
S:\Workspace\tkcore\build\vcpkg_installed\x64-windows\include\boost/test/tools/detail/print_helper.hpp(55,13): message : “std::ostream &boost::test_tools::tt_detail::operator <<(std::ostream &,const boost::test_tools::tt_detail::tolerance_manip<FPT> &)”: 无法从“const T”推导出“const boost::test_tools::tt_detail::tolerance_manip<FPT> &”的 模板 参数 [S:\Workspace\tkcore\build\test\unit_test.vcxproj]
          with
          [
              T=std::vector<std::string,std::allocator<std::string>>
          ]
S:\Workspace\tkcore\build\vcpkg_installed\x64-windows\include\boost/test/tools/detail/tolerance_manip.hpp(89,1): message : 或    “boost::unit_test::lazy_ostream &boost::test_tools::tt_detail::operator <<(boost::unit_test::lazy_ostream &,const boost::test_tools::tt_detail::tolerance_manip<FPT> &)” [S:\Workspace\tkcore\build\test\unit_test.vcxproj]
S:\Workspace\tkcore\build\vcpkg_installed\x64-windows\include\boost/test/tools/detail/print_helper.hpp(55,13): message : “boost::unit_test::lazy_ostream &boost::test_tools::tt_detail::operator <<(boost::unit_test::lazy_ostream &,const boost::test_tools::tt_detail::tolerance_manip<FPT> &)”: 无法从“const T”推导出“const boost::test_tools::tt_detail::tolerance_manip<FPT> &”的 模板 参数 [S:\Workspace\tkcore\build\test\unit_test.vcxproj]
          with
          [
              T=std::vector<std::string,std::allocator<std::string>>
          ]
S:\Workspace\tkcore\build\vcpkg_installed\x64-windows\include\boost/test/tools/detail/tolerance_manip.hpp(77,1): message : 或    “boost::test_tools::tt_detail::assertion_evaluate_t<E> boost::test_tools::tt_detail::operator <<(const boost::test_tools::tt_detail::assertion_evaluate_t<E> &,const boost::test_tools::tt_detail::tolerance_manip<FPT> &)” [S:\Workspace\tkcore\build\test\unit_test.vcxproj]
S:\Workspace\tkcore\build\vcpkg_installed\x64-windows\include\boost/test/tools/detail/print_helper.hpp(55,13): message : “boost::test_tools::tt_detail::assertion_evaluate_t<E> boost::test_tools::tt_detail::operator <<(const boost::test_tools::tt_detail::assertion_evaluate_t<E> &,const boost::test_tools::tt_detail::tolerance_manip<FPT> &)”: 无法从“std::ostream”推导出“const boost::test_tools::tt_detail::assertion_evaluate_t<E> &”的 模板 参数 [S:\Workspace\tkcore\build\test\unit_test.vcxproj]
S:\Workspace\tkcore\build\vcpkg_installed\x64-windows\include\boost/test/tools/detail/bitwise_manip.hpp(108,1): message : 或    “boost::test_tools::assertion_result boost::test_tools::tt_detail::operator <<(const boost::test_tools::tt_detail::assertion_evaluate_t<boost::test_tools::assertion::binary_expr<T1,T2,boost::test_tools::assertion::op::EQ<L,R,void>>> &,boost::test_tools::bitwise)” [S:\Workspace\tkcore\build\test\unit_test.vcxproj]
S:\Workspace\tkcore\build\vcpkg_installed\x64-windows\include\boost/test/tools/detail/print_helper.hpp(55,13): message : “boost::test_tools::assertion_result boost::test_tools::tt_detail::operator <<(const boost::test_tools::tt_detail::assertion_evaluate_t<boost::test_tools::assertion::binary_expr<T1,T2,boost::test_tools::assertion::op::EQ<L,R,void>>> &,boost::test_tools::bitwise)”: 无法从“std::ostream”推导出“const boost::test_tools::tt_detail::assertion_evaluate_t<boost::test_tools::assertion::binary_expr<T1,T2,boost::test_tools::assertion::op::EQ<L,R,void>>> &”的 模板 参数 [S:\Workspace\tkcore\build\test\unit_test.vcxproj]
S:\Workspace\tkcore\build\vcpkg_installed\x64-windows\include\boost/test/tools/detail/indirections.hpp(115,1): message : 或    “boost::test_tools::tt_detail::assertion_type boost::test_tools::tt_detail::operator <<(const boost::test_tools::tt_detail::assertion_type &,const T &)” [S:\Workspace\tkcore\build\test\unit_test.vcxproj]
S:\Workspace\tkcore\build\vcpkg_installed\x64-windows\include\boost/test/tools/detail/print_helper.hpp(55,13): message : “初始化”: 无法从“std::ostream”转换为“const boost::test_tools::tt_detail::assertion_type &” [S:\Workspace\tkcore\build\test\unit_test.vcxproj]
S:\Workspace\tkcore\build\vcpkg_installed\x64-windows\include\boost/test/tools/detail/print_helper.hpp(55,13): message : 原因如下: 无法从“std::ostream”转换为“const boost::test_tools::tt_detail::assertion_type” [S:\Workspace\tkcore\build\test\unit_test.vcxproj]
S:\Workspace\tkcore\build\vcpkg_installed\x64-windows\include\boost/test/tools/detail/print_helper.hpp(55,13): message : 没有可用于执行该转换的用户定义的转换运算符，或者无法调用该运算符 [S:\Workspace\tkcore\build\test\unit_test.vcxproj]
S:\Workspace\tkcore\build\vcpkg_installed\x64-windows\include\boost/test/tools/detail/indirections.hpp(82,1): message : 或    “boost::test_tools::tt_detail::assertion_evaluate_t<E> boost::test_tools::tt_detail::operator <<(const boost::test_tools::tt_detail::assertion_evaluate_t<E> &,const T &)” [S:\Workspace\tkcore\build\test\unit_test.vcxproj]
S:\Workspace\tkcore\build\vcpkg_installed\x64-windows\include\boost/test/tools/detail/print_helper.hpp(55,13): message : “boost::test_tools::tt_detail::assertion_evaluate_t<E> boost::test_tools::tt_detail::operator <<(const boost::test_tools::tt_detail::assertion_evaluate_t<E> &,const T &)”: 无法从“std::ostream”推导出“const boost::test_tools::tt_detail::assertion_evaluate_t<E> &”的 模板 参数 [S:\Workspace\tkcore\build\test\unit_test.vcxproj]
S:\Workspace\tkcore\build\vcpkg_installed\x64-windows\include\boost/test/tools/detail/print_helper.hpp(225,1): message : 或    “std::ostream &boost::test_tools::tt_detail::operator <<(std::ostream &,const boost::test_tools::tt_detail::print_helper_t<T> &)” [S:\Workspace\tkcore\build\test\unit_test.vcxproj]
S:\Workspace\tkcore\build\vcpkg_installed\x64-windows\include\boost/test/tools/detail/print_helper.hpp(55,13): message : “std::ostream &boost::test_tools::tt_detail::operator <<(std::ostream &,const boost::test_tools::tt_detail::print_helper_t<T> &)”: 无法从“const T”推导出“const boost::test_tools::tt_detail::print_helper_t<T> &”的 模板 参数 [S:\Workspace\tkcore\build\test\unit_test.vcxproj]
          with
          [
              T=std::vector<std::string,std::allocator<std::string>>
          ]
S:\MicrosoftVisualStudio\Community\VC\Tools\MSVC\14.37.32822\include\cstddef(32,27): message : 或    “std::byte std::operator <<(const std::byte,const _IntType) noexcept” [S:\Workspace\tkcore\build\test\unit_test.vcxproj]
S:\Workspace\tkcore\build\vcpkg_installed\x64-windows\include\boost/test/tools/detail/print_helper.hpp(55,13): message : “std::byte std::operator <<(const std::byte,const _IntType) noexcept”: 无法推导“__formal”的 模板 参数 [S:\Workspace\tkcore\build\test\unit_test.vcxproj]
S:\MicrosoftVisualStudio\Community\VC\Tools\MSVC\14.37.32822\include\xstring(1805,32): message : 或    “std::basic_ostream<_Elem,_Traits> &std::operator <<(std::basic_ostream<_Elem,_Traits> &,const std::basic_string_view<_Elem,_Traits>)” [S:\Workspace\tkcore\build\test\unit_test.vcxproj]
S:\Workspace\tkcore\build\vcpkg_installed\x64-windows\include\boost/test/tools/detail/print_helper.hpp(55,13): message : “std::basic_ostream<_Elem,_Traits> &std::operator <<(std::basic_ostream<_Elem,_Traits> &,const std::basic_string_view<_Elem,_Traits>)”: 无法从“const T”推导出“const std::basic_string_view<_Elem,_Traits>”的 模板 参数 [S:\Workspace\tkcore\build\test\unit_test.vcxproj]
          with
          [
              T=std::vector<std::string,std::allocator<std::string>>
          ]
S:\MicrosoftVisualStudio\Community\VC\Tools\MSVC\14.37.32822\include\xstring(5185,32): message : 或    “std::basic_ostream<_Elem,_Traits> &std::operator <<(std::basic_ostream<_Elem,_Traits> &,const std::basic_string<_Elem,_Traits,_Alloc> &)” [S:\Workspace\tkcore\build\test\unit_test.vcxproj]
S:\Workspace\tkcore\build\vcpkg_installed\x64-windows\include\boost/test/tools/detail/print_helper.hpp(55,13): message : “std::basic_ostream<_Elem,_Traits> &std::operator <<(std::basic_ostream<_Elem,_Traits> &,const std::basic_string<_Elem,_Traits,_Alloc> &)”: 无法从“const T”推导出“const std::basic_string<_Elem,_Traits,_Alloc> &”的 模板 参数 [S:\Workspace\tkcore\build\test\unit_test.vcxproj]
          with
          [
              T=std::vector<std::string,std::allocator<std::string>>
          ]
S:\MicrosoftVisualStudio\Community\VC\Tools\MSVC\14.37.32822\include\memory(1988,32): message : 或    “std::basic_ostream<_Elem,_Traits> &std::operator <<(std::basic_ostream<_Elem,_Traits> &,const std::shared_ptr<_Ty> &)” [S:\Workspace\tkcore\build\test\unit_test.vcxproj]
S:\Workspace\tkcore\build\vcpkg_installed\x64-windows\include\boost/test/tools/detail/print_helper.hpp(55,13): message : “std::basic_ostream<_Elem,_Traits> &std::operator <<(std::basic_ostream<_Elem,_Traits> &,const std::shared_ptr<_Ty> &)”: 无法从“const T”推导出“const std::shared_ptr<_Ty> &”的 模板 参数 [S:\Workspace\tkcore\build\test\unit_test.vcxproj]
          with
          [
              T=std::vector<std::string,std::allocator<std::string>>
          ]
S:\MicrosoftVisualStudio\Community\VC\Tools\MSVC\14.37.32822\include\memory(3641,32): message : 或    “std::basic_ostream<_Elem,_Traits> &std::operator <<(std::basic_ostream<_Elem,_Traits> &,const std::unique_ptr<_Ty2,_Dx2> &)” [S:\Workspace\tkcore\build\test\unit_test.vcxproj]
S:\Workspace\tkcore\build\vcpkg_installed\x64-windows\include\boost/test/tools/detail/print_helper.hpp(55,13): message : “std::basic_ostream<_Elem,_Traits> &std::operator <<(std::basic_ostream<_Elem,_Traits> &,const std::unique_ptr<_Ty2,_Dx2> &)”: 无法从“const T”推导出“const std::unique_ptr<_Ty2,_Dx2> &”的 模板 参数 [S:\Workspace\tkcore\build\test\unit_test.vcxproj]
          with
          [
              T=std::vector<std::string,std::allocator<std::string>>
          ]
S:\MicrosoftVisualStudio\Community\VC\Tools\MSVC\14.37.32822\include\ostream(687,32): message : 或    “std::basic_ostream<_Elem,_Traits> &std::operator <<(std::basic_ostream<_Elem,_Traits> &,const char *)” [S:\Workspace\tkcore\build\test\unit_test.vcxproj]
S:\Workspace\tkcore\build\vcpkg_installed\x64-windows\include\boost/test/tools/detail/print_helper.hpp(55,21): message : “初始化”: 无法从“const T”转换为“const char *” [S:\Workspace\tkcore\build\test\unit_test.vcxproj]
          with
          [
              T=std::vector<std::string,std::allocator<std::string>>
          ]
S:\Workspace\tkcore\build\vcpkg_installed\x64-windows\include\boost/test/tools/detail/print_helper.hpp(55,21): message : 没有可用于执行该转换的用户定义的转换运算符，或者无法调用该运算符 [S:\Workspace\tkcore\build\test\unit_test.vcxproj]
S:\MicrosoftVisualStudio\Community\VC\Tools\MSVC\14.37.32822\include\ostream(731,32): message : 或    “std::basic_ostream<_Elem,_Traits> &std::operator <<(std::basic_ostream<_Elem,_Traits> &,char)” [S:\Workspace\tkcore\build\test\unit_test.vcxproj]
S:\Workspace\tkcore\build\vcpkg_installed\x64-windows\include\boost/test/tools/detail/print_helper.hpp(55,21): message : “初始化”: 无法从“const T”转换为“char” [S:\Workspace\tkcore\build\test\unit_test.vcxproj]
          with
          [
              T=std::vector<std::string,std::allocator<std::string>>
          ]
S:\Workspace\tkcore\build\vcpkg_installed\x64-windows\include\boost/test/tools/detail/print_helper.hpp(55,21): message : 没有可用于执行该转换的用户定义的转换运算符，或者无法调用该运算符 [S:\Workspace\tkcore\build\test\unit_test.vcxproj]
S:\MicrosoftVisualStudio\Community\VC\Tools\MSVC\14.37.32822\include\ostream(767,31): message : 或    “std::basic_ostream<char,_Traits> &std::operator <<(std::basic_ostream<char,_Traits> &,const char *)” [S:\Workspace\tkcore\build\test\unit_test.vcxproj]
S:\Workspace\tkcore\build\vcpkg_installed\x64-windows\include\boost/test/tools/detail/print_helper.hpp(55,21): message : “初始化”: 无法从“const T”转换为“const char *” [S:\Workspace\tkcore\build\test\unit_test.vcxproj]
          with
          [
              T=std::vector<std::string,std::allocator<std::string>>
          ]
S:\Workspace\tkcore\build\vcpkg_installed\x64-windows\include\boost/test/tools/detail/print_helper.hpp(55,21): message : 没有可用于执行该转换的用户定义的转换运算符，或者无法调用该运算符 [S:\Workspace\tkcore\build\test\unit_test.vcxproj]
S:\MicrosoftVisualStudio\Community\VC\Tools\MSVC\14.37.32822\include\ostream(812,31): message : 或    “std::basic_ostream<char,_Traits> &std::operator <<(std::basic_ostream<char,_Traits> &,char)” [S:\Workspace\tkcore\build\test\unit_test.vcxproj]
S:\Workspace\tkcore\build\vcpkg_installed\x64-windows\include\boost/test/tools/detail/print_helper.hpp(55,21): message : “初始化”: 无法从“const T”转换为“char” [S:\Workspace\tkcore\build\test\unit_test.vcxproj]
          with
          [
              T=std::vector<std::string,std::allocator<std::string>>
          ]
S:\Workspace\tkcore\build\vcpkg_installed\x64-windows\include\boost/test/tools/detail/print_helper.hpp(55,21): message : 没有可用于执行该转换的用户定义的转换运算符，或者无法调用该运算符 [S:\Workspace\tkcore\build\test\unit_test.vcxproj]
S:\MicrosoftVisualStudio\Community\VC\Tools\MSVC\14.37.32822\include\ostream(850,32): message : 或    “std::basic_ostream<_Elem,_Traits> &std::operator <<(std::basic_ostream<_Elem,_Traits> &,const _Elem *)” [S:\Workspace\tkcore\build\test\unit_test.vcxproj]
S:\Workspace\tkcore\build\vcpkg_installed\x64-windows\include\boost/test/tools/detail/print_helper.hpp(55,13): message : “std::basic_ostream<_Elem,_Traits> &std::operator <<(std::basic_ostream<_Elem,_Traits> &,const _Elem *)”: 无法从“const T”推导出“const _Elem *”的 模板 参数 [S:\Workspace\tkcore\build\test\unit_test.vcxproj]
          with
          [
              T=std::vector<std::string,std::allocator<std::string>>
          ]
S:\MicrosoftVisualStudio\Community\VC\Tools\MSVC\14.37.32822\include\ostream(893,32): message : 或    “std::basic_ostream<_Elem,_Traits> &std::operator <<(std::basic_ostream<_Elem,_Traits> &,_Elem)” [S:\Workspace\tkcore\build\test\unit_test.vcxproj]
S:\Workspace\tkcore\build\vcpkg_installed\x64-windows\include\boost/test/tools/detail/print_helper.hpp(55,13): message : “std::basic_ostream<_Elem,_Traits> &std::operator <<(std::basic_ostream<_Elem,_Traits> &,_Elem)”: 模板 参数“_Elem”不明确 [S:\Workspace\tkcore\build\test\unit_test.vcxproj]
S:\Workspace\tkcore\build\vcpkg_installed\x64-windows\include\boost/test/tools/detail/print_helper.hpp(55,13): message : 可能是“T” [S:\Workspace\tkcore\build\test\unit_test.vcxproj]
          with
          [
              T=std::vector<std::string,std::allocator<std::string>>
          ]
S:\Workspace\tkcore\build\vcpkg_installed\x64-windows\include\boost/test/tools/detail/print_helper.hpp(55,13): message : 或    “char” [S:\Workspace\tkcore\build\test\unit_test.vcxproj]
S:\Workspace\tkcore\build\vcpkg_installed\x64-windows\include\boost/test/tools/detail/print_helper.hpp(55,13): message : “std::basic_ostream<_Elem,_Traits> &std::operator <<(std::basic_ostream<_Elem,_Traits> &,_Elem)”: 无法从“const T”推导出“_Elem”的 模板 参数 [S:\Workspace\tkcore\build\test\unit_test.vcxproj]
          with
          [
              T=std::vector<std::string,std::allocator<std::string>>
          ]
S:\MicrosoftVisualStudio\Community\VC\Tools\MSVC\14.37.32822\include\ostream(929,31): message : 或    “std::basic_ostream<char,_Traits> &std::operator <<(std::basic_ostream<char,_Traits> &,const signed char *)” [S:\Workspace\tkcore\build\test\unit_test.vcxproj]
S:\Workspace\tkcore\build\vcpkg_installed\x64-windows\include\boost/test/tools/detail/print_helper.hpp(55,21): message : “初始化”: 无法从“const T”转换为“const signed char *” [S:\Workspace\tkcore\build\test\unit_test.vcxproj]
          with
          [
              T=std::vector<std::string,std::allocator<std::string>>
          ]
S:\Workspace\tkcore\build\vcpkg_installed\x64-windows\include\boost/test/tools/detail/print_helper.hpp(55,21): message : 没有可用于执行该转换的用户定义的转换运算符，或者无法调用该运算符 [S:\Workspace\tkcore\build\test\unit_test.vcxproj]
S:\MicrosoftVisualStudio\Community\VC\Tools\MSVC\14.37.32822\include\ostream(935,31): message : 或    “std::basic_ostream<char,_Traits> &std::operator <<(std::basic_ostream<char,_Traits> &,signed char)” [S:\Workspace\tkcore\build\test\unit_test.vcxproj]
S:\Workspace\tkcore\build\vcpkg_installed\x64-windows\include\boost/test/tools/detail/print_helper.hpp(55,21): message : “初始化”: 无法从“const T”转换为“signed char” [S:\Workspace\tkcore\build\test\unit_test.vcxproj]
          with
          [
              T=std::vector<std::string,std::allocator<std::string>>
          ]
S:\Workspace\tkcore\build\vcpkg_installed\x64-windows\include\boost/test/tools/detail/print_helper.hpp(55,21): message : 没有可用于执行该转换的用户定义的转换运算符，或者无法调用该运算符 [S:\Workspace\tkcore\build\test\unit_test.vcxproj]
S:\MicrosoftVisualStudio\Community\VC\Tools\MSVC\14.37.32822\include\ostream(940,31): message : 或    “std::basic_ostream<char,_Traits> &std::operator <<(std::basic_ostream<char,_Traits> &,const unsigned char *)” [S:\Workspace\tkcore\build\test\unit_test.vcxproj]
S:\Workspace\tkcore\build\vcpkg_installed\x64-windows\include\boost/test/tools/detail/print_helper.hpp(55,21): message : “初始化”: 无法从“const T”转换为“const unsigned char *” [S:\Workspace\tkcore\build\test\unit_test.vcxproj]
          with
          [
              T=std::vector<std::string,std::allocator<std::string>>
          ]
S:\Workspace\tkcore\build\vcpkg_installed\x64-windows\include\boost/test/tools/detail/print_helper.hpp(55,21): message : 没有可用于执行该转换的用户定义的转换运算符，或者无法调用该运算符 [S:\Workspace\tkcore\build\test\unit_test.vcxproj]
S:\MicrosoftVisualStudio\Community\VC\Tools\MSVC\14.37.32822\include\ostream(946,31): message : 或    “std::basic_ostream<char,_Traits> &std::operator <<(std::basic_ostream<char,_Traits> &,unsigned char)” [S:\Workspace\tkcore\build\test\unit_test.vcxproj]
S:\Workspace\tkcore\build\vcpkg_installed\x64-windows\include\boost/test/tools/detail/print_helper.hpp(55,21): message : “初始化”: 无法从“const T”转换为“unsigned char” [S:\Workspace\tkcore\build\test\unit_test.vcxproj]
          with
          [
              T=std::vector<std::string,std::allocator<std::string>>
          ]
S:\Workspace\tkcore\build\vcpkg_installed\x64-windows\include\boost/test/tools/detail/print_helper.hpp(55,21): message : 没有可用于执行该转换的用户定义的转换运算符，或者无法调用该运算符 [S:\Workspace\tkcore\build\test\unit_test.vcxproj]
S:\MicrosoftVisualStudio\Community\VC\Tools\MSVC\14.37.32822\include\ostream(1004,9): message : 或    “_Ostr &&std::operator <<(_Ostr &&,const _Ty &)” [S:\Workspace\tkcore\build\test\unit_test.vcxproj]
S:\Workspace\tkcore\build\vcpkg_installed\x64-windows\include\boost/test/tools/detail/print_helper.hpp(55,13): message : “_Ostr &&std::operator <<(_Ostr &&,const _Ty &)”: 无法推导“__formal”的 模板 参数 [S:\Workspace\tkcore\build\test\unit_test.vcxproj]
S:\MicrosoftVisualStudio\Community\VC\Tools\MSVC\14.37.32822\include\ostream(1081,32): message : 或    “std::basic_ostream<_Elem,_Traits> &std::operator <<(std::basic_ostream<_Elem,_Traits> &,const std::error_code &)” [S:\Workspace\tkcore\build\test\unit_test.vcxproj]
S:\Workspace\tkcore\build\vcpkg_installed\x64-windows\include\boost/test/tools/detail/print_helper.hpp(55,21): message : “初始化”: 无法从“const T”转换为“const std::error_code &” [S:\Workspace\tkcore\build\test\unit_test.vcxproj]
          with
          [
              T=std::vector<std::string,std::allocator<std::string>>
          ]
S:\Workspace\tkcore\build\vcpkg_installed\x64-windows\include\boost/test/tools/detail/print_helper.hpp(55,21): message : 原因如下: 无法从“const T”转换为“const std::error_code” [S:\Workspace\tkcore\build\test\unit_test.vcxproj]
          with
          [
              T=std::vector<std::string,std::allocator<std::string>>
          ]
S:\Workspace\tkcore\build\vcpkg_installed\x64-windows\include\boost/test/tools/detail/print_helper.hpp(55,21): message : 没有可用于执行该转换的用户定义的转换运算符，或者无法调用该运算符 [S:\Workspace\tkcore\build\test\unit_test.vcxproj]
S:\MicrosoftVisualStudio\Community\VC\Tools\MSVC\14.37.32822\include\valarray(784,26): message : 或    “std::valarray<_Ty> std::operator <<(const std::valarray<_Ty> &,const valarray<_Ty>::value_type &)” [S:\Workspace\tkcore\build\test\unit_test.vcxproj]
S:\Workspace\tkcore\build\vcpkg_installed\x64-windows\include\boost/test/tools/detail/print_helper.hpp(55,13): message : “std::valarray<_Ty> std::operator <<(const std::valarray<_Ty> &,const valarray<_Ty>::value_type &)”: 无法从“std::ostream”推导出“const std::valarray<_Ty> &”的 模板 参数 [S:\Workspace\tkcore\build\test\unit_test.vcxproj]
S:\MicrosoftVisualStudio\Community\VC\Tools\MSVC\14.37.32822\include\valarray(794,26): message : 或    “std::valarray<_Ty> std::operator <<(const valarray<_Ty>::value_type &,const std::valarray<_Ty> &)” [S:\Workspace\tkcore\build\test\unit_test.vcxproj]
S:\Workspace\tkcore\build\vcpkg_installed\x64-windows\include\boost/test/tools/detail/print_helper.hpp(55,13): message : “std::valarray<_Ty> std::operator <<(const valarray<_Ty>::value_type &,const std::valarray<_Ty> &)”: 无法从“const T”推导出“const std::valarray<_Ty> &”的 模板 参数 [S:\Workspace\tkcore\build\test\unit_test.vcxproj]
          with
          [
              T=std::vector<std::string,std::allocator<std::string>>
          ]
S:\MicrosoftVisualStudio\Community\VC\Tools\MSVC\14.37.32822\include\valarray(944,26): message : 或    “std::valarray<_Ty> std::operator <<(const std::valarray<_Ty> &,const std::valarray<_Ty> &)” [S:\Workspace\tkcore\build\test\unit_test.vcxproj]
S:\Workspace\tkcore\build\vcpkg_installed\x64-windows\include\boost/test/tools/detail/print_helper.hpp(55,13): message : “std::valarray<_Ty> std::operator <<(const std::valarray<_Ty> &,const std::valarray<_Ty> &)”: 无法从“std::ostream”推导出“const std::valarray<_Ty> &”的 模板 参数 [S:\Workspace\tkcore\build\test\unit_test.vcxproj]
S:\Workspace\tkcore\build\vcpkg_installed\x64-windows\include\boost/test/tools/detail/print_helper.hpp(55,13): message : 尝试匹配参数列表“(std::ostream, const T)”时 [S:\Workspace\tkcore\build\test\unit_test.vcxproj]
          with
          [
              T=std::vector<std::string,std::allocator<std::string>>
          ]
